2018-04-11 20:48:18,712 INFO [org.springframework.context.support.ClassPathXmlApplicationContext] - Refreshing org.springframework.context.support.ClassPathXmlApplicationContext@50da7bb8: startup date [Wed Apr 11 20:48:18 CST 2018]; root of context hierarchy
2018-04-11 20:48:18,748 INFO [org.springframework.beans.factory.xml.XmlBeanDefinitionReader] - Loading XML bean definitions from class path resource [applicationContext.xml]
2018-04-11 21:38:35,542 INFO [org.springframework.context.support.ClassPathXmlApplicationContext] - Refreshing org.springframework.context.support.ClassPathXmlApplicationContext@54515290: startup date [Wed Apr 11 21:38:35 CST 2018]; root of context hierarchy
2018-04-11 21:38:35,580 INFO [org.springframework.beans.factory.xml.XmlBeanDefinitionReader] - Loading XML bean definitions from class path resource [applicationContext.xml]
2018-04-11 21:38:35,992 WARN [org.springframework.context.support.ClassPathXmlApplicationContext] - Exception encountered during context initialization - cancelling refresh attempt: org.springframework.beans.factory.BeanCreationException: Error creating bean with name 'moveableCanvas' defined in class path resource [applicationContext.xml]: Error setting property values; nested exception is org.springframework.beans.NotWritablePropertyException: Invalid property 'wantPaintMap' of bean class [magengine.paint.MyCanvas]: Bean property 'wantPaintMap' is not writable or has an invalid setter method. Does the parameter type of the setter match the return type of the getter?
2018-04-11 21:39:29,315 INFO [org.springframework.context.support.ClassPathXmlApplicationContext] - Refreshing org.springframework.context.support.ClassPathXmlApplicationContext@50da7bb8: startup date [Wed Apr 11 21:39:29 CST 2018]; root of context hierarchy
2018-04-11 21:39:29,353 INFO [org.springframework.beans.factory.xml.XmlBeanDefinitionReader] - Loading XML bean definitions from class path resource [applicationContext.xml]
2018-04-11 21:43:51,594 INFO [org.springframework.context.support.ClassPathXmlApplicationContext] - Refreshing org.springframework.context.support.ClassPathXmlApplicationContext@96b4d75: startup date [Wed Apr 11 21:43:51 CST 2018]; root of context hierarchy
2018-04-11 21:43:51,633 INFO [org.springframework.beans.factory.xml.XmlBeanDefinitionReader] - Loading XML bean definitions from class path resource [applicationContext.xml]
2018-04-11 21:46:15,554 INFO [org.springframework.context.support.ClassPathXmlApplicationContext] - Refreshing org.springframework.context.support.ClassPathXmlApplicationContext@2a9e0634: startup date [Wed Apr 11 21:46:15 CST 2018]; root of context hierarchy
2018-04-11 21:46:15,594 INFO [org.springframework.beans.factory.xml.XmlBeanDefinitionReader] - Loading XML bean definitions from class path resource [applicationContext.xml]
2018-04-11 21:46:57,443 INFO [org.springframework.context.support.ClassPathXmlApplicationContext] - Refreshing org.springframework.context.support.ClassPathXmlApplicationContext@24882dee: startup date [Wed Apr 11 21:46:57 CST 2018]; root of context hierarchy
2018-04-11 21:46:57,482 INFO [org.springframework.beans.factory.xml.XmlBeanDefinitionReader] - Loading XML bean definitions from class path resource [applicationContext.xml]
2018-04-11 21:48:48,639 INFO [org.springframework.context.support.ClassPathXmlApplicationContext] - Refreshing org.springframework.context.support.ClassPathXmlApplicationContext@24882dee: startup date [Wed Apr 11 21:48:48 CST 2018]; root of context hierarchy
2018-04-11 21:48:48,676 INFO [org.springframework.beans.factory.xml.XmlBeanDefinitionReader] - Loading XML bean definitions from class path resource [applicationContext.xml]
2018-04-11 21:49:36,347 INFO [org.springframework.context.support.ClassPathXmlApplicationContext] - Refreshing org.springframework.context.support.ClassPathXmlApplicationContext@24882dee: startup date [Wed Apr 11 21:49:36 CST 2018]; root of context hierarchy
2018-04-11 21:49:36,386 INFO [org.springframework.beans.factory.xml.XmlBeanDefinitionReader] - Loading XML bean definitions from class path resource [applicationContext.xml]
2018-04-11 21:50:30,033 INFO [org.springframework.context.support.ClassPathXmlApplicationContext] - Refreshing org.springframework.context.support.ClassPathXmlApplicationContext@24882dee: startup date [Wed Apr 11 21:50:30 CST 2018]; root of context hierarchy
2018-04-11 21:50:30,069 INFO [org.springframework.beans.factory.xml.XmlBeanDefinitionReader] - Loading XML bean definitions from class path resource [applicationContext.xml]
2018-04-11 21:50:33,960 INFO [org.springframework.context.support.ClassPathXmlApplicationContext] - Refreshing org.springframework.context.support.ClassPathXmlApplicationContext@2098422c: startup date [Wed Apr 11 21:50:33 CST 2018]; root of context hierarchy
2018-04-11 21:50:33,961 INFO [org.springframework.beans.factory.xml.XmlBeanDefinitionReader] - Loading XML bean definitions from class path resource [applicationContext.xml]
2018-04-11 21:50:52,309 INFO [org.springframework.context.support.ClassPathXmlApplicationContext] - Refreshing org.springframework.context.support.ClassPathXmlApplicationContext@31da2aa3: startup date [Wed Apr 11 21:50:52 CST 2018]; root of context hierarchy
2018-04-11 21:50:52,309 INFO [org.springframework.beans.factory.xml.XmlBeanDefinitionReader] - Loading XML bean definitions from class path resource [applicationContext.xml]
2018-04-11 21:51:06,187 INFO [org.springframework.context.support.ClassPathXmlApplicationContext] - Refreshing org.springframework.context.support.ClassPathXmlApplicationContext@497da7d8: startup date [Wed Apr 11 21:51:06 CST 2018]; root of context hierarchy
2018-04-11 21:51:06,229 INFO [org.springframework.beans.factory.xml.XmlBeanDefinitionReader] - Loading XML bean definitions from class path resource [applicationContext.xml]
2018-04-11 21:51:13,437 INFO [org.springframework.context.support.ClassPathXmlApplicationContext] - Refreshing org.springframework.context.support.ClassPathXmlApplicationContext@20866161: startup date [Wed Apr 11 21:51:13 CST 2018]; root of context hierarchy
2018-04-11 21:51:13,438 INFO [org.springframework.beans.factory.xml.XmlBeanDefinitionReader] - Loading XML bean definitions from class path resource [applicationContext.xml]
2018-04-11 21:51:21,972 INFO [org.springframework.context.support.ClassPathXmlApplicationContext] - Refreshing org.springframework.context.support.ClassPathXmlApplicationContext@10b7b8ae: startup date [Wed Apr 11 21:51:21 CST 2018]; root of context hierarchy
2018-04-11 21:51:21,973 INFO [org.springframework.beans.factory.xml.XmlBeanDefinitionReader] - Loading XML bean definitions from class path resource [applicationContext.xml]
2018-04-11 21:51:24,400 INFO [org.springframework.context.support.ClassPathXmlApplicationContext] - Refreshing org.springframework.context.support.ClassPathXmlApplicationContext@20ed082a: startup date [Wed Apr 11 21:51:24 CST 2018]; root of context hierarchy
2018-04-11 21:51:24,401 INFO [org.springframework.beans.factory.xml.XmlBeanDefinitionReader] - Loading XML bean definitions from class path resource [applicationContext.xml]
2018-04-11 21:51:27,249 INFO [org.springframework.context.support.ClassPathXmlApplicationContext] - Refreshing org.springframework.context.support.ClassPathXmlApplicationContext@422ace14: startup date [Wed Apr 11 21:51:27 CST 2018]; root of context hierarchy
2018-04-11 21:51:27,249 INFO [org.springframework.beans.factory.xml.XmlBeanDefinitionReader] - Loading XML bean definitions from class path resource [applicationContext.xml]
2018-04-11 21:51:29,420 INFO [org.springframework.context.support.ClassPathXmlApplicationContext] - Refreshing org.springframework.context.support.ClassPathXmlApplicationContext@8b291b4: startup date [Wed Apr 11 21:51:29 CST 2018]; root of context hierarchy
2018-04-11 21:51:29,421 INFO [org.springframework.beans.factory.xml.XmlBeanDefinitionReader] - Loading XML bean definitions from class path resource [applicationContext.xml]
2018-04-11 21:51:32,038 INFO [org.springframework.context.support.ClassPathXmlApplicationContext] - Refreshing org.springframework.context.support.ClassPathXmlApplicationContext@765a1f1f: startup date [Wed Apr 11 21:51:32 CST 2018]; root of context hierarchy
2018-04-11 21:51:32,039 INFO [org.springframework.beans.factory.xml.XmlBeanDefinitionReader] - Loading XML bean definitions from class path resource [applicationContext.xml]
2018-04-11 21:51:41,182 INFO [org.springframework.context.support.ClassPathXmlApplicationContext] - Refreshing org.springframework.context.support.ClassPathXmlApplicationContext@283c3ed0: startup date [Wed Apr 11 21:51:41 CST 2018]; root of context hierarchy
2018-04-11 21:51:41,184 INFO [org.springframework.beans.factory.xml.XmlBeanDefinitionReader] - Loading XML bean definitions from class path resource [applicationContext.xml]
2018-04-11 21:51:43,761 INFO [org.springframework.context.support.ClassPathXmlApplicationContext] - Refreshing org.springframework.context.support.ClassPathXmlApplicationContext@8cd40e4: startup date [Wed Apr 11 21:51:43 CST 2018]; root of context hierarchy
2018-04-11 21:51:43,761 INFO [org.springframework.beans.factory.xml.XmlBeanDefinitionReader] - Loading XML bean definitions from class path resource [applicationContext.xml]
2018-04-11 21:51:49,518 INFO [org.springframework.context.support.ClassPathXmlApplicationContext] - Refreshing org.springframework.context.support.ClassPathXmlApplicationContext@7e2975c7: startup date [Wed Apr 11 21:51:49 CST 2018]; root of context hierarchy
2018-04-11 21:51:49,518 INFO [org.springframework.beans.factory.xml.XmlBeanDefinitionReader] - Loading XML bean definitions from class path resource [applicationContext.xml]
2018-04-11 21:51:54,321 INFO [org.springframework.context.support.ClassPathXmlApplicationContext] - Refreshing org.springframework.context.support.ClassPathXmlApplicationContext@301a5fec: startup date [Wed Apr 11 21:51:54 CST 2018]; root of context hierarchy
2018-04-11 21:51:54,322 INFO [org.springframework.beans.factory.xml.XmlBeanDefinitionReader] - Loading XML bean definitions from class path resource [applicationContext.xml]
2018-04-11 21:52:03,192 INFO [org.springframework.context.support.ClassPathXmlApplicationContext] - Refreshing org.springframework.context.support.ClassPathXmlApplicationContext@1f15bcd4: startup date [Wed Apr 11 21:52:03 CST 2018]; root of context hierarchy
2018-04-11 21:52:03,192 INFO [org.springframework.beans.factory.xml.XmlBeanDefinitionReader] - Loading XML bean definitions from class path resource [applicationContext.xml]
2018-04-11 21:54:22,193 INFO [org.springframework.context.support.ClassPathXmlApplicationContext] - Refreshing org.springframework.context.support.ClassPathXmlApplicationContext@2a9e0634: startup date [Wed Apr 11 21:54:22 CST 2018]; root of context hierarchy
2018-04-11 21:54:22,234 INFO [org.springframework.beans.factory.xml.XmlBeanDefinitionReader] - Loading XML bean definitions from class path resource [applicationContext.xml]
2018-04-11 21:54:26,915 INFO [org.springframework.context.support.ClassPathXmlApplicationContext] - Closing org.springframework.context.support.ClassPathXmlApplicationContext@2a9e0634: startup date [Wed Apr 11 21:54:22 CST 2018]; root of context hierarchy
2018-04-11 21:54:26,916 INFO [org.springframework.context.support.ClassPathXmlApplicationContext] - Refreshing org.springframework.context.support.ClassPathXmlApplicationContext@5f75099f: startup date [Wed Apr 11 21:54:26 CST 2018]; root of context hierarchy
2018-04-11 21:54:26,916 INFO [org.springframework.beans.factory.xml.XmlBeanDefinitionReader] - Loading XML bean definitions from class path resource [applicationContext.xml]
2018-04-11 21:54:39,755 INFO [org.springframework.context.support.ClassPathXmlApplicationContext] - Refreshing org.springframework.context.support.ClassPathXmlApplicationContext@6e77f629: startup date [Wed Apr 11 21:54:39 CST 2018]; root of context hierarchy
2018-04-11 21:54:39,797 INFO [org.springframework.beans.factory.xml.XmlBeanDefinitionReader] - Loading XML bean definitions from class path resource [applicationContext.xml]
2018-04-11 21:54:44,248 INFO [org.springframework.context.support.ClassPathXmlApplicationContext] - Closing org.springframework.context.support.ClassPathXmlApplicationContext@6e77f629: startup date [Wed Apr 11 21:54:39 CST 2018]; root of context hierarchy
2018-04-11 21:54:44,249 INFO [org.springframework.context.support.ClassPathXmlApplicationContext] - Refreshing org.springframework.context.support.ClassPathXmlApplicationContext@589e6940: startup date [Wed Apr 11 21:54:44 CST 2018]; root of context hierarchy
2018-04-11 21:54:44,249 INFO [org.springframework.beans.factory.xml.XmlBeanDefinitionReader] - Loading XML bean definitions from class path resource [applicationContext.xml]
2018-04-11 21:54:50,234 INFO [org.springframework.context.support.ClassPathXmlApplicationContext] - Closing org.springframework.context.support.ClassPathXmlApplicationContext@589e6940: startup date [Wed Apr 11 21:54:44 CST 2018]; root of context hierarchy
2018-04-11 21:54:50,235 INFO [org.springframework.context.support.ClassPathXmlApplicationContext] - Refreshing org.springframework.context.support.ClassPathXmlApplicationContext@6985164d: startup date [Wed Apr 11 21:54:50 CST 2018]; root of context hierarchy
2018-04-11 21:54:50,235 INFO [org.springframework.beans.factory.xml.XmlBeanDefinitionReader] - Loading XML bean definitions from class path resource [applicationContext.xml]
2018-04-11 21:54:52,440 INFO [org.springframework.context.support.ClassPathXmlApplicationContext] - Closing org.springframework.context.support.ClassPathXmlApplicationContext@6985164d: startup date [Wed Apr 11 21:54:50 CST 2018]; root of context hierarchy
2018-04-11 21:54:52,441 INFO [org.springframework.context.support.ClassPathXmlApplicationContext] - Refreshing org.springframework.context.support.ClassPathXmlApplicationContext@5eeeb411: startup date [Wed Apr 11 21:54:52 CST 2018]; root of context hierarchy
2018-04-11 21:54:52,441 INFO [org.springframework.beans.factory.xml.XmlBeanDefinitionReader] - Loading XML bean definitions from class path resource [applicationContext.xml]
2018-04-11 21:55:00,601 INFO [org.springframework.context.support.ClassPathXmlApplicationContext] - Closing org.springframework.context.support.ClassPathXmlApplicationContext@5eeeb411: startup date [Wed Apr 11 21:54:52 CST 2018]; root of context hierarchy
2018-04-11 21:55:00,602 INFO [org.springframework.context.support.ClassPathXmlApplicationContext] - Refreshing org.springframework.context.support.ClassPathXmlApplicationContext@47a060cf: startup date [Wed Apr 11 21:55:00 CST 2018]; root of context hierarchy
2018-04-11 21:55:00,602 INFO [org.springframework.beans.factory.xml.XmlBeanDefinitionReader] - Loading XML bean definitions from class path resource [applicationContext.xml]
2018-04-14 17:19:34,737 INFO [org.springframework.context.support.ClassPathXmlApplicationContext] - Refreshing org.springframework.context.support.ClassPathXmlApplicationContext@225a5a89: startup date [Sat Apr 14 17:19:34 CST 2018]; root of context hierarchy
2018-04-14 17:19:34,792 INFO [org.springframework.beans.factory.xml.XmlBeanDefinitionReader] - Loading XML bean definitions from class path resource [applicationContext.xml]
2018-04-14 17:48:13,760 INFO [org.springframework.context.support.ClassPathXmlApplicationContext] - Refreshing org.springframework.context.support.ClassPathXmlApplicationContext@225a5a89: startup date [Sat Apr 14 17:48:13 CST 2018]; root of context hierarchy
2018-04-14 17:48:13,813 INFO [org.springframework.beans.factory.xml.XmlBeanDefinitionReader] - Loading XML bean definitions from class path resource [applicationContext.xml]
2018-04-14 17:48:26,229 INFO [org.springframework.context.support.ClassPathXmlApplicationContext] - Refreshing org.springframework.context.support.ClassPathXmlApplicationContext@225a5a89: startup date [Sat Apr 14 17:48:26 CST 2018]; root of context hierarchy
2018-04-14 17:48:26,279 INFO [org.springframework.beans.factory.xml.XmlBeanDefinitionReader] - Loading XML bean definitions from class path resource [applicationContext.xml]
2018-04-14 17:52:09,765 INFO [org.springframework.context.support.ClassPathXmlApplicationContext] - Refreshing org.springframework.context.support.ClassPathXmlApplicationContext@225a5a89: startup date [Sat Apr 14 17:52:09 CST 2018]; root of context hierarchy
2018-04-14 17:52:09,820 INFO [org.springframework.beans.factory.xml.XmlBeanDefinitionReader] - Loading XML bean definitions from class path resource [applicationContext.xml]
2018-04-14 17:53:13,514 INFO [org.springframework.context.support.ClassPathXmlApplicationContext] - Refreshing org.springframework.context.support.ClassPathXmlApplicationContext@12d3a3c3: startup date [Sat Apr 14 17:53:13 CST 2018]; root of context hierarchy
2018-04-14 17:53:13,570 INFO [org.springframework.beans.factory.xml.XmlBeanDefinitionReader] - Loading XML bean definitions from class path resource [applicationContext.xml]
2018-04-14 17:54:17,396 INFO [org.springframework.context.support.ClassPathXmlApplicationContext] - Refreshing org.springframework.context.support.ClassPathXmlApplicationContext@2395b8bf: startup date [Sat Apr 14 17:54:17 CST 2018]; root of context hierarchy
2018-04-14 17:54:17,448 INFO [org.springframework.beans.factory.xml.XmlBeanDefinitionReader] - Loading XML bean definitions from class path resource [applicationContext.xml]
2018-04-14 17:57:11,934 INFO [org.springframework.context.support.ClassPathXmlApplicationContext] - Refreshing org.springframework.context.support.ClassPathXmlApplicationContext@225a5a89: startup date [Sat Apr 14 17:57:11 CST 2018]; root of context hierarchy
2018-04-14 17:57:11,983 INFO [org.springframework.beans.factory.xml.XmlBeanDefinitionReader] - Loading XML bean definitions from class path resource [applicationContext.xml]
2018-04-14 17:57:40,626 INFO [org.springframework.context.support.ClassPathXmlApplicationContext] - Refreshing org.springframework.context.support.ClassPathXmlApplicationContext@225a5a89: startup date [Sat Apr 14 17:57:40 CST 2018]; root of context hierarchy
2018-04-14 17:57:40,674 INFO [org.springframework.beans.factory.xml.XmlBeanDefinitionReader] - Loading XML bean definitions from class path resource [applicationContext.xml]
2018-04-14 17:58:16,457 INFO [org.springframework.context.support.ClassPathXmlApplicationContext] - Refreshing org.springframework.context.support.ClassPathXmlApplicationContext@225a5a89: startup date [Sat Apr 14 17:58:16 CST 2018]; root of context hierarchy
2018-04-14 17:58:16,509 INFO [org.springframework.beans.factory.xml.XmlBeanDefinitionReader] - Loading XML bean definitions from class path resource [applicationContext.xml]
2018-04-14 18:03:34,724 INFO [org.springframework.context.support.ClassPathXmlApplicationContext] - Refreshing org.springframework.context.support.ClassPathXmlApplicationContext@225a5a89: startup date [Sat Apr 14 18:03:34 CST 2018]; root of context hierarchy
2018-04-14 18:03:34,780 INFO [org.springframework.beans.factory.xml.XmlBeanDefinitionReader] - Loading XML bean definitions from class path resource [applicationContext.xml]
2018-04-14 18:04:58,998 INFO [org.springframework.context.support.ClassPathXmlApplicationContext] - Refreshing org.springframework.context.support.ClassPathXmlApplicationContext@225a5a89: startup date [Sat Apr 14 18:04:58 CST 2018]; root of context hierarchy
2018-04-14 18:04:59,049 INFO [org.springframework.beans.factory.xml.XmlBeanDefinitionReader] - Loading XML bean definitions from class path resource [applicationContext.xml]
2018-04-14 18:05:10,905 INFO [org.springframework.context.support.ClassPathXmlApplicationContext] - Closing org.springframework.context.support.ClassPathXmlApplicationContext@225a5a89: startup date [Sat Apr 14 18:04:58 CST 2018]; root of context hierarchy
2018-04-14 18:05:10,905 INFO [org.springframework.context.support.ClassPathXmlApplicationContext] - Refreshing org.springframework.context.support.ClassPathXmlApplicationContext@3c4c8f6b: startup date [Sat Apr 14 18:05:10 CST 2018]; root of context hierarchy
2018-04-14 18:05:10,905 INFO [org.springframework.beans.factory.xml.XmlBeanDefinitionReader] - Loading XML bean definitions from class path resource [applicationContext.xml]
2018-04-14 18:05:31,785 INFO [org.springframework.context.support.ClassPathXmlApplicationContext] - Refreshing org.springframework.context.support.ClassPathXmlApplicationContext@225a5a89: startup date [Sat Apr 14 18:05:31 CST 2018]; root of context hierarchy
2018-04-14 18:05:31,838 INFO [org.springframework.beans.factory.xml.XmlBeanDefinitionReader] - Loading XML bean definitions from class path resource [applicationContext.xml]
2018-04-14 18:05:47,122 INFO [org.springframework.context.support.ClassPathXmlApplicationContext] - Closing org.springframework.context.support.ClassPathXmlApplicationContext@225a5a89: startup date [Sat Apr 14 18:05:31 CST 2018]; root of context hierarchy
2018-04-14 18:05:47,124 INFO [org.springframework.context.support.ClassPathXmlApplicationContext] - Refreshing org.springframework.context.support.ClassPathXmlApplicationContext@4451b119: startup date [Sat Apr 14 18:05:47 CST 2018]; root of context hierarchy
2018-04-14 18:05:47,124 INFO [org.springframework.beans.factory.xml.XmlBeanDefinitionReader] - Loading XML bean definitions from class path resource [applicationContext.xml]
2018-04-14 18:10:46,139 INFO [org.springframework.context.support.ClassPathXmlApplicationContext] - Refreshing org.springframework.context.support.ClassPathXmlApplicationContext@1f68c4e4: startup date [Sat Apr 14 18:10:46 CST 2018]; root of context hierarchy
2018-04-14 18:10:46,191 INFO [org.springframework.beans.factory.xml.XmlBeanDefinitionReader] - Loading XML bean definitions from class path resource [applicationContext.xml]
2018-04-14 18:11:57,259 INFO [org.springframework.context.support.ClassPathXmlApplicationContext] - Refreshing org.springframework.context.support.ClassPathXmlApplicationContext@225a5a89: startup date [Sat Apr 14 18:11:57 CST 2018]; root of context hierarchy
2018-04-14 18:11:57,313 INFO [org.springframework.beans.factory.xml.XmlBeanDefinitionReader] - Loading XML bean definitions from class path resource [applicationContext.xml]
2018-04-14 18:14:32,247 INFO [org.springframework.context.support.ClassPathXmlApplicationContext] - Refreshing org.springframework.context.support.ClassPathXmlApplicationContext@225a5a89: startup date [Sat Apr 14 18:14:32 CST 2018]; root of context hierarchy
2018-04-14 18:14:32,303 INFO [org.springframework.beans.factory.xml.XmlBeanDefinitionReader] - Loading XML bean definitions from class path resource [applicationContext.xml]
2018-04-14 18:14:53,699 INFO [org.springframework.context.support.ClassPathXmlApplicationContext] - Closing org.springframework.context.support.ClassPathXmlApplicationContext@225a5a89: startup date [Sat Apr 14 18:14:32 CST 2018]; root of context hierarchy
2018-04-14 18:14:53,700 INFO [org.springframework.context.support.ClassPathXmlApplicationContext] - Refreshing org.springframework.context.support.ClassPathXmlApplicationContext@516a8642: startup date [Sat Apr 14 18:14:53 CST 2018]; root of context hierarchy
2018-04-14 18:14:53,701 INFO [org.springframework.beans.factory.xml.XmlBeanDefinitionReader] - Loading XML bean definitions from class path resource [applicationContext.xml]
